Determining if the pthread_create exist failed with the following output:
Change Dir: /home/herrygabriel/ALEDAPP/Analysis/WebcamAnalysis/CardiacFrequency/build/CMakeFiles/CMakeTmp

Run Build Command:"/usr/bin/make" "cmTC_79842/fast"
make[1] : on entre dans le répertoire « /home/herrygabriel/ALEDAPP/Analysis/WebcamAnalysis/CardiacFrequency/build/CMakeFiles/CMakeTmp »
/usr/bin/make -f CMakeFiles/cmTC_79842.dir/build.make CMakeFiles/cmTC_79842.dir/build
make[2] : on entre dans le répertoire « /home/herrygabriel/ALEDAPP/Analysis/WebcamAnalysis/CardiacFrequency/build/CMakeFiles/CMakeTmp »
Building C object CMakeFiles/cmTC_79842.dir/CheckSymbolExists.c.o
/usr/bin/cc    -o CMakeFiles/cmTC_79842.dir/CheckSymbolExists.c.o   -c /home/herrygabriel/ALEDAPP/Analysis/WebcamAnalysis/CardiacFrequency/build/CMakeFiles/CMakeTmp/CheckSymbolExists.c
Linking C executable cmTC_79842
/usr/bin/cmake -E cmake_link_script CMakeFiles/cmTC_79842.dir/link.txt --verbose=1
/usr/bin/cc      -rdynamic CMakeFiles/cmTC_79842.dir/CheckSymbolExists.c.o  -o cmTC_79842 
/usr/bin/ld : CMakeFiles/cmTC_79842.dir/CheckSymbolExists.c.o : dans la fonction « main » :
CheckSymbolExists.c:(.text+0x1f) : référence indéfinie vers « pthread_create »
collect2: error: ld returned 1 exit status
make[2]: *** [CMakeFiles/cmTC_79842.dir/build.make:87: cmTC_79842] Error 1
make[2] : on quitte le répertoire « /home/herrygabriel/ALEDAPP/Analysis/WebcamAnalysis/CardiacFrequency/build/CMakeFiles/CMakeTmp »
make[1]: *** [Makefile:121: cmTC_79842/fast] Error 2
make[1] : on quitte le répertoire « /home/herrygabriel/ALEDAPP/Analysis/WebcamAnalysis/CardiacFrequency/build/CMakeFiles/CMakeTmp »

File /home/herrygabriel/ALEDAPP/Analysis/WebcamAnalysis/CardiacFrequency/build/CMakeFiles/CMakeTmp/CheckSymbolExists.c:
/* */
#include <pthread.h>

int main(int argc, char** argv)
{
  (void)argv;
#ifndef pthread_create
  return ((int*)(&pthread_create))[argc];
#else
  (void)argc;
  return 0;
#endif
}

Determining if the function pthread_create exists in the pthreads failed with the following output:
Change Dir: /home/herrygabriel/ALEDAPP/Analysis/WebcamAnalysis/CardiacFrequency/build/CMakeFiles/CMakeTmp

Run Build Command:"/usr/bin/make" "cmTC_abb72/fast"
make[1] : on entre dans le répertoire « /home/herrygabriel/ALEDAPP/Analysis/WebcamAnalysis/CardiacFrequency/build/CMakeFiles/CMakeTmp »
/usr/bin/make -f CMakeFiles/cmTC_abb72.dir/build.make CMakeFiles/cmTC_abb72.dir/build
make[2] : on entre dans le répertoire « /home/herrygabriel/ALEDAPP/Analysis/WebcamAnalysis/CardiacFrequency/build/CMakeFiles/CMakeTmp »
Building C object CMakeFiles/cmTC_abb72.dir/CheckFunctionExists.c.o
/usr/bin/cc   -DCHECK_FUNCTION_EXISTS=pthread_create   -o CMakeFiles/cmTC_abb72.dir/CheckFunctionExists.c.o   -c /usr/share/cmake-3.13/Modules/CheckFunctionExists.c
Linking C executable cmTC_abb72
/usr/bin/cmake -E cmake_link_script CMakeFiles/cmTC_abb72.dir/link.txt --verbose=1
/usr/bin/cc  -DCHECK_FUNCTION_EXISTS=pthread_create    -rdynamic CMakeFiles/cmTC_abb72.dir/CheckFunctionExists.c.o  -o cmTC_abb72 -lpthreads 
/usr/bin/ld : ne peut trouver -lpthreads
collect2: error: ld returned 1 exit status
make[2]: *** [CMakeFiles/cmTC_abb72.dir/build.make:87: cmTC_abb72] Error 1
make[2] : on quitte le répertoire « /home/herrygabriel/ALEDAPP/Analysis/WebcamAnalysis/CardiacFrequency/build/CMakeFiles/CMakeTmp »
make[1]: *** [Makefile:121: cmTC_abb72/fast] Error 2
make[1] : on quitte le répertoire « /home/herrygabriel/ALEDAPP/Analysis/WebcamAnalysis/CardiacFrequency/build/CMakeFiles/CMakeTmp »


Determining if the function sgesv exists failed with the following output:
Change Dir: /home/herrygabriel/ALEDAPP/Analysis/WebcamAnalysis/CardiacFrequency/build/CMakeFiles/CMakeTmp

Run Build Command:"/usr/bin/make" "cmTC_c69a0/fast"
make[1] : on entre dans le répertoire « /home/herrygabriel/ALEDAPP/Analysis/WebcamAnalysis/CardiacFrequency/build/CMakeFiles/CMakeTmp »
/usr/bin/make -f CMakeFiles/cmTC_c69a0.dir/build.make CMakeFiles/cmTC_c69a0.dir/build
make[2] : on entre dans le répertoire « /home/herrygabriel/ALEDAPP/Analysis/WebcamAnalysis/CardiacFrequency/build/CMakeFiles/CMakeTmp »
Building C object CMakeFiles/cmTC_c69a0.dir/CheckFunctionExists.c.o
/usr/bin/cc   -DCHECK_FUNCTION_EXISTS=sgesv   -o CMakeFiles/cmTC_c69a0.dir/CheckFunctionExists.c.o   -c /usr/share/cmake-3.13/Modules/CheckFunctionExists.c
Linking C executable cmTC_c69a0
/usr/bin/cmake -E cmake_link_script CMakeFiles/cmTC_c69a0.dir/link.txt --verbose=1
/usr/bin/cc  -DCHECK_FUNCTION_EXISTS=sgesv    -rdynamic CMakeFiles/cmTC_c69a0.dir/CheckFunctionExists.c.o  -o cmTC_c69a0 /usr/lib/x86_64-linux-gnu/liblapack.so 
/usr/bin/ld : CMakeFiles/cmTC_c69a0.dir/CheckFunctionExists.c.o : dans la fonction « main » :
CheckFunctionExists.c:(.text+0x14) : référence indéfinie vers « sgesv »
collect2: error: ld returned 1 exit status
make[2]: *** [CMakeFiles/cmTC_c69a0.dir/build.make:88: cmTC_c69a0] Error 1
make[2] : on quitte le répertoire « /home/herrygabriel/ALEDAPP/Analysis/WebcamAnalysis/CardiacFrequency/build/CMakeFiles/CMakeTmp »
make[1]: *** [Makefile:121: cmTC_c69a0/fast] Error 2
make[1] : on quitte le répertoire « /home/herrygabriel/ALEDAPP/Analysis/WebcamAnalysis/CardiacFrequency/build/CMakeFiles/CMakeTmp »


Determining if the function sgetrf_single exists failed with the following output:
Change Dir: /home/herrygabriel/ALEDAPP/Analysis/WebcamAnalysis/CardiacFrequency/build/CMakeFiles/CMakeTmp

Run Build Command:"/usr/bin/make" "cmTC_487f3/fast"
make[1] : on entre dans le répertoire « /home/herrygabriel/ALEDAPP/Analysis/WebcamAnalysis/CardiacFrequency/build/CMakeFiles/CMakeTmp »
/usr/bin/make -f CMakeFiles/cmTC_487f3.dir/build.make CMakeFiles/cmTC_487f3.dir/build
make[2] : on entre dans le répertoire « /home/herrygabriel/ALEDAPP/Analysis/WebcamAnalysis/CardiacFrequency/build/CMakeFiles/CMakeTmp »
Building C object CMakeFiles/cmTC_487f3.dir/CheckFunctionExists.c.o
/usr/bin/cc   -DCHECK_FUNCTION_EXISTS=sgetrf_single   -o CMakeFiles/cmTC_487f3.dir/CheckFunctionExists.c.o   -c /usr/share/cmake-3.13/Modules/CheckFunctionExists.c
Linking C executable cmTC_487f3
/usr/bin/cmake -E cmake_link_script CMakeFiles/cmTC_487f3.dir/link.txt --verbose=1
/usr/bin/cc  -DCHECK_FUNCTION_EXISTS=sgetrf_single    -rdynamic CMakeFiles/cmTC_487f3.dir/CheckFunctionExists.c.o  -o cmTC_487f3 /usr/lib/x86_64-linux-gnu/libcblas.so 
/usr/bin/ld : CMakeFiles/cmTC_487f3.dir/CheckFunctionExists.c.o : dans la fonction « main » :
CheckFunctionExists.c:(.text+0x14) : référence indéfinie vers « sgetrf_single »
collect2: error: ld returned 1 exit status
make[2]: *** [CMakeFiles/cmTC_487f3.dir/build.make:88: cmTC_487f3] Error 1
make[2] : on quitte le répertoire « /home/herrygabriel/ALEDAPP/Analysis/WebcamAnalysis/CardiacFrequency/build/CMakeFiles/CMakeTmp »
make[1]: *** [Makefile:121: cmTC_487f3/fast] Error 2
make[1] : on quitte le répertoire « /home/herrygabriel/ALEDAPP/Analysis/WebcamAnalysis/CardiacFrequency/build/CMakeFiles/CMakeTmp »


